0 info it worked if it ends with ok
1 verbose cli [ 'f:\\nodejs\\node.exe',
1 verbose cli   'f:\\nodejs\\node_modules\\npm\\bin\\npm-cli.js',
1 verbose cli   'run',
1 verbose cli   'release' ]
2 info using npm@4.1.2
3 info using node@v7.7.3
4 verbose run-script [ 'prerelease', 'release', 'postrelease' ]
5 info lifecycle javascript-module-template@1.0.0~prerelease: javascript-module-template@1.0.0
6 silly lifecycle javascript-module-template@1.0.0~prerelease: no script for prerelease, continuing
7 info lifecycle javascript-module-template@1.0.0~release: javascript-module-template@1.0.0
8 verbose lifecycle javascript-module-template@1.0.0~release: unsafe-perm in lifecycle true
9 verbose lifecycle javascript-module-template@1.0.0~release: PATH: f:\nvm\v7.7.3\node_modules\npm\bin\node-gyp-bin;F:\projetos\javascript\javascript-module-template\node_modules\.bin;C:\Program Files\Docker\Docker\Resources\bin;C:\ProgramData\Oracle\Java\javapath;C:\Windows\system32;C:\Windows;C:\Windows\System32\Wbem;C:\Windows\System32\WindowsPowerShell\v1.0\;C:\Users\rdias\.dnx\bin;C:\Program Files\Microsoft DNX\Dnvm\;C:\Program Files\Microsoft SQL Server\130\Tools\Binn\;C:\Program Files (x86)\Microsoft Emulator Manager\1.0\;C:\Program Files (x86)\Windows Kits\10\Windows Performance Toolkit\;C:\WINDOWS\system32;C:\WINDOWS;C:\WINDOWS\System32\Wbem;C:\WINDOWS\System32\WindowsPowerShell\v1.0\;C:\Program Files\Git LFS;C:\Program Files (x86)\GtkSharp\2.12\bin;C:\Program Files\Git\cmd;f:\nvm;f:\nodejs;C:\Program Files (x86)\NVIDIA Corporation\PhysX\Common;C:\Users\rdias\AppData\Local\Microsoft\WindowsApps;F:\Program Files (x86)\Microsoft VS Code\bin;C:\Users\rdias\AppData\Local\atom\bin;C:\Users\rdias\AppData\Local\Microsoft\WindowsApps;F:\Program Files\CMake\bin;f:\nvm;f:\nodejs;
10 verbose lifecycle javascript-module-template@1.0.0~release: CWD: F:\projetos\javascript\javascript-module-template
11 silly lifecycle javascript-module-template@1.0.0~release: Args: [ '/d /s /c', 'np --no-publish' ]
12 silly lifecycle javascript-module-template@1.0.0~release: Returned: code: 1  signal: null
13 info lifecycle javascript-module-template@1.0.0~release: Failed to exec release script
14 verbose stack Error: javascript-module-template@1.0.0 release: `np --no-publish`
14 verbose stack Exit status 1
14 verbose stack     at EventEmitter.<anonymous> (f:\nvm\v7.7.3\node_modules\npm\lib\utils\lifecycle.js:279:16)
14 verbose stack     at emitTwo (events.js:106:13)
14 verbose stack     at EventEmitter.emit (events.js:194:7)
14 verbose stack     at ChildProcess.<anonymous> (f:\nvm\v7.7.3\node_modules\npm\lib\utils\spawn.js:40:14)
14 verbose stack     at emitTwo (events.js:106:13)
14 verbose stack     at ChildProcess.emit (events.js:194:7)
14 verbose stack     at maybeClose (internal/child_process.js:899:16)
14 verbose stack     at Process.ChildProcess._handle.onexit (internal/child_process.js:226:5)
15 verbose pkgid javascript-module-template@1.0.0
16 verbose cwd F:\projetos\javascript\javascript-module-template
17 error Windows_NT 10.0.15063
18 error argv "f:\\nodejs\\node.exe" "f:\\nodejs\\node_modules\\npm\\bin\\npm-cli.js" "run" "release"
19 error node v7.7.3
20 error npm  v4.1.2
21 error code ELIFECYCLE
22 error javascript-module-template@1.0.0 release: `np --no-publish`
22 error Exit status 1
23 error Failed at the javascript-module-template@1.0.0 release script 'np --no-publish'.
23 error Make sure you have the latest version of node.js and npm installed.
23 error If you do, this is most likely a problem with the javascript-module-template package,
23 error not with npm itself.
23 error Tell the author that this fails on your system:
23 error     np --no-publish
23 error You can get information on how to open an issue for this project with:
23 error     npm bugs javascript-module-template
23 error Or if that isn't available, you can get their info via:
23 error     npm owner ls javascript-module-template
23 error There is likely additional logging output above.
24 verbose exit [ 1, true ]
